<?xml version="1.0" encoding="UTF-8"?>
<!-- Generated by org.testng.reporters.JUnitReportReporter -->
<testsuite hostname="DESKTOP-V8KCKRC" failures="0" tests="1" name="ParameterAnnotation.CrossBrowsertesting" time="47.386" errors="0" timestamp="2024-05-20T12:01:46 IST" skipped="0">
  <testcase classname="ParameterAnnotation.CrossBrowsertesting" name="CrossBrowser" time="47.386"/>
  <system-out/>
</testsuite> <!-- ParameterAnnotation.CrossBrowsertesting -->
