<?xml version="1.0" encoding="UTF-8"?>
<!-- Generated by org.testng.reporters.JUnitReportReporter -->
<testsuite hostname="DESKTOP-V8KCKRC" failures="0" tests="1" name="Assignment.ClickElements" time="15.898" errors="0" timestamp="2024-05-21T13:21:35 IST" skipped="0">
  <testcase classname="Assignment.ClickElements" name="Click" time="15.898"/>
  <system-out/>
</testsuite> <!-- Assignment.ClickElements -->
