<?xml version="1.0" encoding="UTF-8"?>
<!-- Generated by org.testng.reporters.JUnitReportReporter -->
<testsuite hostname="DESKTOP-V8KCKRC" failures="0" tests="2" name="TestNGTravel.RedBus" time="54.793" errors="0" timestamp="2024-05-20T11:13:14 IST" skipped="0">
  <testcase classname="TestNGTravel.RedBus" name="MakeMyTrip" time="27.003"/>
  <system-out/>
  <testcase classname="TestNGTravel.RedBus" name="MakeMyTrip" time="27.790"/>
  <system-out/>
</testsuite> <!-- TestNGTravel.RedBus -->
