<?xml version="1.0" encoding="UTF-8"?>
<!-- Generated by org.testng.reporters.JUnitReportReporter -->
<testsuite hostname="DESKTOP-V8KCKRC" failures="0" tests="1" name="Assignment.FormValidation" time="19.767" errors="0" timestamp="2024-05-13T12:08:25 IST" skipped="0">
  <testcase classname="Assignment.FormValidation" name="formValidation" time="19.767"/>
  <system-out/>
</testsuite> <!-- Assignment.FormValidation -->
