<?xml version="1.0" encoding="UTF-8"?>
<!-- Generated by org.testng.reporters.JUnitReportReporter -->
<testsuite hostname="DESKTOP-V8KCKRC" failures="0" tests="1" name="DataDrivenTesting.ReadDataFromExcel3" time="1.819" errors="0" timestamp="2024-05-15T13:24:45 IST" skipped="0">
  <testcase classname="DataDrivenTesting.ReadDataFromExcel3" name="readData1" time="1.819"/>
  <system-out/>
</testsuite> <!-- DataDrivenTesting.ReadDataFromExcel3 -->
