<?xml version="1.0" encoding="UTF-8"?>
<!-- Generated by org.testng.reporters.JUnitReportReporter -->
<testsuite hostname="DESKTOP-V8KCKRC" failures="0" tests="4" name="Basic.LaunchExcetion" time="119.949" errors="0" timestamp="2024-05-09T12:53:19 IST" skipped="0">
  <testcase classname="Basic.LaunchExcetion" name="demo" time="9.113"/>
  <system-out/>
  <testcase classname="Basic.LaunchExcetion" name="royalchallengers" time="44.389"/>
  <system-out/>
  <testcase classname="Basic.LaunchExcetion" name="mumbaiIndians" time="14.076"/>
  <system-out/>
  <testcase classname="Basic.LaunchExcetion" name="csk" time="52.371"/>
  <system-out/>
</testsuite> <!-- Basic.LaunchExcetion -->
