<?xml version="1.0" encoding="UTF-8"?>
<!-- Generated by org.testng.reporters.JUnitReportReporter -->
<testsuite hostname="DESKTOP-V8KCKRC" failures="0" tests="2" name="DataProvider.DataProviderBasic" time="46.460" errors="0" timestamp="2024-05-17T09:55:47 IST" skipped="0">
  <testcase classname="DataProvider.DataProviderBasic" name="receiver" time="21.743"/>
  <system-out/>
  <testcase classname="DataProvider.DataProviderBasic" name="receiver" time="24.717"/>
  <system-out/>
</testsuite> <!-- DataProvider.DataProviderBasic -->
