<?xml version="1.0" encoding="UTF-8"?>
<!-- Generated by org.testng.reporters.JUnitReportReporter -->
<testsuite hostname="DESKTOP-V8KCKRC" failures="0" tests="1" name="DataDrivenTesting.ReadDataFromExcel2" time="1.754" errors="0" timestamp="2024-05-15T13:24:23 IST" skipped="0">
  <testcase classname="DataDrivenTesting.ReadDataFromExcel2" name="readData" time="1.754"/>
  <system-out/>
</testsuite> <!-- DataDrivenTesting.ReadDataFromExcel2 -->
