<?xml version="1.0" encoding="UTF-8"?>
<!-- Generated by org.testng.reporters.JUnitReportReporter -->
<testsuite hostname="DESKTOP-V8KCKRC" failures="0" tests="1" name="ParameterAnnotation.ShopperStack" time="22.993" errors="0" timestamp="2024-05-20T11:04:24 IST" skipped="0">
  <testcase classname="ParameterAnnotation.ShopperStack" name="shopperLogin" time="22.993"/>
  <system-out/>
</testsuite> <!-- ParameterAnnotation.ShopperStack -->
