<?xml version="1.0" encoding="UTF-8"?>
<!-- Generated by org.testng.reporters.JUnitReportReporter -->
<testsuite hostname="DESKTOP-V8KCKRC" failures="0" tests="1" name="Assignment.ReadDataFromPropertyFile" time="19.699" errors="0" timestamp="2024-05-16T09:56:30 IST" skipped="0">
  <testcase classname="Assignment.ReadDataFromPropertyFile" name="readData" time="19.699"/>
  <system-out/>
</testsuite> <!-- Assignment.ReadDataFromPropertyFile -->
