<?xml version="1.0" encoding="UTF-8"?>
<!-- Generated by org.testng.reporters.JUnitReportReporter -->
<testsuite hostname="DESKTOP-V8KCKRC" failures="0" tests="1" name="Assignment.GiftDws" time="26.652" errors="0" timestamp="2024-05-21T13:06:04 IST" skipped="0">
  <testcase classname="Assignment.GiftDws" name="addToCart" time="26.652"/>
  <system-out/>
</testsuite> <!-- Assignment.GiftDws -->
