<?xml version="1.0" encoding="UTF-8"?>
<!-- Generated by org.testng.reporters.JUnitReportReporter -->
<testsuite hostname="DESKTOP-V8KCKRC" failures="0" tests="2" name="Basic.ChronologicalOrder1" time="0.048" errors="0" timestamp="2024-05-10T16:18:57 IST" skipped="0">
  <testcase classname="Basic.ChronologicalOrder1" name="testCase2" time="0.019"/>
  <system-out/>
  <testcase classname="Basic.ChronologicalOrder1" name="testCase1" time="0.029"/>
  <system-out/>
</testsuite> <!-- Basic.ChronologicalOrder1 -->
