<?xml version="1.0" encoding="UTF-8"?>
<!-- Generated by org.testng.reporters.JUnitReportReporter -->
<testsuite hostname="DESKTOP-V8KCKRC" failures="0" tests="2" name="TestNGTravel.TravelYaari" time="37.943" errors="0" timestamp="2024-05-20T11:13:14 IST" skipped="0">
  <testcase classname="TestNGTravel.TravelYaari" name="MakeMyTrip" time="22.361"/>
  <system-out/>
  <testcase classname="TestNGTravel.TravelYaari" name="MakeMyTrip" time="15.582"/>
  <system-out/>
</testsuite> <!-- TestNGTravel.TravelYaari -->
