<?xml version="1.0" encoding="UTF-8"?>
<!-- Generated by org.testng.reporters.JUnitReportReporter -->
<testsuite hostname="DESKTOP-V8KCKRC" failures="0" tests="2" name="TestNGFashion.FlipKart" time="60.083" errors="0" timestamp="2024-05-20T11:13:15 IST" skipped="0">
  <testcase classname="TestNGFashion.FlipKart" name="Flipkart" time="37.379"/>
  <system-out/>
  <testcase classname="TestNGFashion.FlipKart" name="Flipkart" time="22.704"/>
  <system-out/>
</testsuite> <!-- TestNGFashion.FlipKart -->
