<?xml version="1.0" encoding="UTF-8"?>
<!-- Generated by org.testng.reporters.JUnitReportReporter -->
<testsuite hostname="DESKTOP-V8KCKRC" failures="0" tests="1" name="PageObjectModel.LoginDws" time="16.440" errors="0" timestamp="2024-05-27T13:28:23 IST" skipped="0">
  <testcase classname="PageObjectModel.LoginDws" name="login" time="16.440"/>
  <system-out/>
</testsuite> <!-- PageObjectModel.LoginDws -->
