<?xml version="1.0" encoding="UTF-8"?>
<!-- Generated by org.testng.reporters.JUnitReportReporter -->
<testsuite hostname="DESKTOP-V8KCKRC" failures="0" tests="2" name="TestNGTravel.AbhiBus" time="30.338" errors="0" timestamp="2024-05-20T11:13:14 IST" skipped="0">
  <testcase classname="TestNGTravel.AbhiBus" name="MakeMyTrip" time="12.835"/>
  <system-out/>
  <testcase classname="TestNGTravel.AbhiBus" name="MakeMyTrip" time="17.503"/>
  <system-out/>
</testsuite> <!-- TestNGTravel.AbhiBus -->
