<?xml version="1.0" encoding="UTF-8"?>
<!-- Generated by org.testng.reporters.JUnitReportReporter -->
<testsuite hostname="DESKTOP-V8KCKRC" failures="0" tests="1" name="DataDrivenTesting.ReadDataFromExcel1" time="1.626" errors="0" timestamp="2024-05-15T13:24:00 IST" skipped="0">
  <testcase classname="DataDrivenTesting.ReadDataFromExcel1" name="readData1" time="1.626"/>
  <system-out/>
</testsuite> <!-- DataDrivenTesting.ReadDataFromExcel1 -->
