<?xml version="1.0" encoding="UTF-8"?>
<!-- Generated by org.testng.reporters.JUnitReportReporter -->
<testsuite hostname="DESKTOP-V8KCKRC" failures="0" tests="1" name="Basic.ChronologicalOrder" time="0.024" errors="0" timestamp="2024-05-10T16:04:11 IST" skipped="0">
  <testcase classname="Basic.ChronologicalOrder" name="testCase1" time="0.024"/>
  <system-out/>
</testsuite> <!-- Basic.ChronologicalOrder -->
