<?xml version="1.0" encoding="UTF-8"?>
<!-- Generated by org.testng.reporters.JUnitReportReporter -->
<testsuite hostname="DESKTOP-V8KCKRC" failures="0" tests="1" name="Listerners.NetWorkFailure" time="4.688" errors="0" timestamp="2024-05-29T09:47:59 IST" skipped="0">
  <testcase classname="Listerners.NetWorkFailure" name="main" time="4.688"/>
  <system-out/>
</testsuite> <!-- Listerners.NetWorkFailure -->
