<?xml version="1.0" encoding="UTF-8"?>
<!-- Generated by org.testng.reporters.JUnitReportReporter -->
<testsuite hostname="DESKTOP-V8KCKRC" failures="0" tests="1" name="Basic.SearchField" time="30.684" errors="0" timestamp="2024-05-13T23:24:00 IST" skipped="0">
  <testcase classname="Basic.SearchField" name="searchField" time="30.684"/>
  <system-out/>
</testsuite> <!-- Basic.SearchField -->
