<?xml version="1.0" encoding="UTF-8"?>
<!-- Generated by org.testng.reporters.JUnitReportReporter -->
<testsuite hostname="DESKTOP-V8KCKRC" failures="0" tests="1" name="Assertion.AssertNull" time="11.957" errors="0" timestamp="2024-05-21T11:26:59 IST" skipped="0">
  <testcase classname="Assertion.AssertNull" name="hardAssert" time="11.957"/>
  <system-out/>
</testsuite> <!-- Assertion.AssertNull -->
