<?xml version="1.0" encoding="UTF-8"?>
<!-- Generated by org.testng.reporters.JUnitReportReporter -->
<testsuite hostname="DESKTOP-V8KCKRC" failures="0" tests="1" name="Basic.AddToCart" time="84.856" errors="0" timestamp="2024-05-13T23:19:21 IST" skipped="0">
  <testcase classname="Basic.AddToCart" name="addToCart" time="84.856"/>
  <system-out/>
</testsuite> <!-- Basic.AddToCart -->
