<?xml version="1.0" encoding="UTF-8"?>
<!-- Generated by org.testng.reporters.JUnitReportReporter -->
<testsuite hostname="DESKTOP-V8KCKRC" failures="0" tests="5" name="Shoes.Shoes" time="51.104" errors="0" timestamp="2024-05-10T09:14:04 IST" skipped="0">
  <testcase classname="Shoes.Shoes" name="puma" time="8.204"/>
  <system-out/>
  <testcase classname="Shoes.Shoes" name="adidas" time="17.371"/>
  <system-out/>
  <testcase classname="Shoes.Shoes" name="nike" time="10.635"/>
  <system-out/>
  <testcase classname="Shoes.Shoes" name="reebok" time="9.967"/>
  <system-out/>
  <testcase classname="Shoes.Shoes" name="woodland" time="4.927"/>
  <system-out/>
</testsuite> <!-- Shoes.Shoes -->
