<?xml version="1.0" encoding="UTF-8"?>
<!-- Generated by org.testng.reporters.JUnitReportReporter -->
<testsuite hostname="DESKTOP-V8KCKRC" failures="0" tests="1" name="DataDrivenTesting.ReadDataFromPropertyFile" time="20.158" errors="0" timestamp="2024-05-15T13:26:05 IST" skipped="0">
  <testcase classname="DataDrivenTesting.ReadDataFromPropertyFile" name="readData" time="20.158"/>
  <system-out/>
</testsuite> <!-- DataDrivenTesting.ReadDataFromPropertyFile -->
