<?xml version="1.0" encoding="UTF-8"?>
<!-- Generated by org.testng.reporters.JUnitReportReporter -->
<testsuite hostname="DESKTOP-V8KCKRC" failures="0" tests="4" name="basicHelpermethod.Priority" time="106.639" errors="0" timestamp="2024-05-16T11:57:42 IST" skipped="0">
  <testcase classname="basicHelpermethod.Priority" name="mumbaiIndians" time="27.484"/>
  <system-out/>
  <testcase classname="basicHelpermethod.Priority" name="royalchallengers" time="30.684"/>
  <system-out/>
  <testcase classname="basicHelpermethod.Priority" name="csk" time="41.842"/>
  <system-out/>
  <testcase classname="basicHelpermethod.Priority" name="demo" time="6.629"/>
  <system-out/>
</testsuite> <!-- basicHelpermethod.Priority -->
