<?xml version="1.0" encoding="UTF-8"?>
<!-- Generated by org.testng.reporters.JUnitReportReporter -->
<testsuite hostname="DESKTOP-V8KCKRC" failures="0" tests="1" name="Assertion.AssertEqual" time="15.434" errors="0" timestamp="2024-05-21T11:12:11 IST" skipped="0">
  <testcase classname="Assertion.AssertEqual" name="hardAssert" time="15.434"/>
  <system-out/>
</testsuite> <!-- Assertion.AssertEqual -->
