<?xml version="1.0" encoding="UTF-8"?>
<!-- Generated by org.testng.reporters.JUnitReportReporter -->
<testsuite hostname="DESKTOP-V8KCKRC" failures="0" tests="2" name="TestNGFashion.Myntra" time="74.854" errors="0" timestamp="2024-05-20T11:13:14 IST" skipped="0">
  <testcase classname="TestNGFashion.Myntra" name="Flipkart" time="44.100"/>
  <system-out/>
  <testcase classname="TestNGFashion.Myntra" name="Flipkart" time="30.754"/>
  <system-out/>
</testsuite> <!-- TestNGFashion.Myntra -->
