<?xml version="1.0" encoding="UTF-8"?>
<!-- Generated by org.testng.reporters.JUnitReportReporter -->
<testsuite hostname="DESKTOP-V8KCKRC" failures="0" tests="5" name="watch.Watches" time="49.903" errors="0" timestamp="2024-05-10T09:26:14 IST" skipped="0">
  <testcase classname="watch.Watches" name="timex" time="8.396"/>
  <system-out/>
  <testcase classname="watch.Watches" name="fastrack" time="16.479"/>
  <system-out/>
  <testcase classname="watch.Watches" name="rolex" time="4.818"/>
  <system-out/>
  <testcase classname="watch.Watches" name="fossil" time="9.879"/>
  <system-out/>
  <testcase classname="watch.Watches" name="titan" time="10.331"/>
  <system-out/>
</testsuite> <!-- watch.Watches -->
