<?xml version="1.0" encoding="UTF-8"?>
<!-- Generated by org.testng.reporters.JUnitReportReporter -->
<testsuite hostname="DESKTOP-V8KCKRC" failures="0" tests="2" name="DataProvider.DataProviderBasic1" time="31.940" errors="0" timestamp="2024-05-17T12:19:26 IST" skipped="0">
  <testcase classname="DataProvider.DataProviderBasic1" name="receiver" time="19.440"/>
  <system-out/>
  <testcase classname="DataProvider.DataProviderBasic1" name="receiver" time="12.500"/>
  <system-out/>
</testsuite> <!-- DataProvider.DataProviderBasic1 -->
