<?xml version="1.0" encoding="UTF-8"?>
<!-- Generated by org.testng.reporters.JUnitReportReporter -->
<testsuite hostname="DESKTOP-V8KCKRC" failures="0" tests="3" name="Listerners.TcDwsLogin1" time="36.515" errors="0" timestamp="2024-05-24T10:21:17 IST" skipped="0">
  <testcase classname="Listerners.TcDwsLogin1" name="login" time="13.110"/>
  <system-out/>
  <testcase classname="Listerners.TcDwsLogin1" name="redBus" time="8.110"/>
  <system-out/>
  <testcase classname="Listerners.TcDwsLogin1" name="maniDum" time="15.295"/>
  <system-out/>
</testsuite> <!-- Listerners.TcDwsLogin1 -->
