<?xml version="1.0" encoding="UTF-8"?>
<!-- Generated by org.testng.reporters.JUnitReportReporter -->
<testsuite hostname="DESKTOP-V8KCKRC" failures="0" tests="1" name="DataDrivenTesting.ReadDataFromExcel" time="1.843" errors="0" timestamp="2024-05-15T13:23:43 IST" skipped="0">
  <testcase classname="DataDrivenTesting.ReadDataFromExcel" name="readData" time="1.843"/>
  <system-out/>
</testsuite> <!-- DataDrivenTesting.ReadDataFromExcel -->
